11:21:35 **** Incremental Build of configuration Debug for project A Bitmap Class ****
make all 
Building file: ../src/main.cpp
Invoking: GCC C++ Compiler
g++ -O0 -g3 -Wall -c -fmessage-length=0 -MMD -MP -MF"src/main.d" -MT"src/main.o" -o "src/main.o" "../src/main.cpp"
../src/main.cpp: In function ‘int main()’:
../src/main.cpp:29:9: warning: unused variable ‘min’ [-Wunused-variable]
  double min = 999999;
         ^~~
../src/main.cpp:30:9: warning: unused variable ‘max’ [-Wunused-variable]
  double max = -999999;
         ^~~
Finished building: ../src/main.cpp
 
Building target: A Bitmap Class
Invoking: GCC C++ Linker
g++  -o "A Bitmap Class"  ./src/Bitmap.o ./src/Mandelbrot.o ./src/ZoomList.o ./src/main.o   
Finished building target: A Bitmap Class
 
11:21:39 **** Incremental Build of configuration Debug for project A Bitmap Class ****
make all 
make: Nothing to be done for 'all'.
